build_old/flutter_secure_storage/intermediates/manifest_merge_blame_file/debug/processDebugManifest/manifest-merger-blame-debug-report.txt
1<?xml version="1.0" encoding="utf-8"?>
2<manifest xmlns:android="http://schemas.android.com/apk/res/android"
3    xmlns:tools="http://schemas.android.com/tools"
4    package="com.it_nomads.fluttersecurestorage" >
5
6    <uses-sdk
6-->src\main\AndroidManifest.xml:4:5-58
7        android:minSdkVersion="19"
8        tools:overrideLibrary="androidx.security" />
8-->src\main\AndroidManifest.xml:4:15-56
9
10</manifest>